This file contains any messages produced by compilers while
running configure, to aid debugging if configure makes a mistake.

It was created by bluez configure 5.36, which was
generated by GNU Autoconf 2.69.  Invocation command line was

  $ ./configure --disable-systemd -disable-udev

## --------- ##
## Platform. ##
## --------- ##

hostname = eddie
uname -m = i686
uname -r = 3.10.17-poky-edison+
uname -s = Linux
uname -v = #1 SMP PREEMPT Wed Aug 20 16:09:18 CEST 2014

/usr/bin/uname -p = unknown
/bin/uname -X     = unknown

/bin/arch              = unknown
/usr/bin/arch -k       = unknown
/usr/convex/getsysinfo = unknown
/usr/bin/hostinfo      = unknown
/bin/machine           = unknown
/usr/bin/oslevel       = unknown
/bin/universe          = unknown

PATH: /usr/local/bin
PATH: /usr/bin
PATH: /bin
PATH: /usr/local/sbin
PATH: /usr/sbin
PATH: /sbin


## ----------- ##
## Core tests. ##
## ----------- ##

configure:2411: checking for a BSD-compatible install
configure:2479: result: ./install-sh -c
configure:2490: checking whether build environment is sane
configure:2545: result: yes
configure:2696: checking for a thread-safe mkdir -p
configure:2735: result: ./install-sh -c -d
configure:2742: checking for gawk
configure:2772: result: no
configure:2742: checking for mawk
configure:2772: result: no
configure:2742: checking for nawk
configure:2772: result: no
configure:2742: checking for awk
configure:2758: found /usr/bin/awk
configure:2769: result: awk
configure:2780: checking whether make sets $(MAKE)
configure:2802: result: yes
configure:2831: checking whether make supports nested variables
configure:2848: result: yes
configure:2927: checking how to create a pax tar archive
configure:2938: tar --version
tar: unrecognized option '--version'
BusyBox v1.22.1 (2014-08-15 22:26:53 CEST) multi-call binary.

Usage: tar -[cxtZzJjahvO] [-X FILE] [-T FILE] [-f TARFILE] [-C DIR] [FILE]...

configure:2941: $? = 1
configure:2938: gnutar --version
./configure: ./configure.lineno: line 2999: gnutar: not found
configure:2941: $? = 127
configure:2938: gtar --version
./configure: ./configure.lineno: line 2999: gtar: not found
configure:2941: $? = 127
configure:2981: tardir=conftest.dir && eval gtar --format=posix -chf - "$tardir" >conftest.tar
./configure: eval: line 1: gtar: not found
configure:2984: $? = 127
configure:2981: tardir=conftest.dir && eval pax -L -x pax -w "$tardir" >conftest.tar
./configure: eval: line 1: pax: not found
configure:2984: $? = 127
configure:2981: tardir=conftest.dir && eval find "$tardir" -print | cpio -o -H pax -L >conftest.tar
cpio: invalid option -- 'o'
BusyBox v1.22.1 (2014-08-15 22:26:53 CEST) multi-call binary.

Usage: cpio [-dmvu] [-F FILE] [-ti] [EXTR_FILE]...

configure:2984: $? = 1
configure:2981: tardir=conftest.dir && eval false >conftest.tar
configure:2984: $? = 1
configure:3009: result: none
configure:3073: checking for style of include used by make
configure:3101: result: GNU
configure:3172: checking for gcc
configure:3188: found /usr/bin/gcc
configure:3199: result: gcc
configure:3428: checking for C compiler version
configure:3437: gcc --version >&5
gcc (GCC) 4.8.2
Copyright (C) 2013 Free Software Foundation, Inc.
This is free software; see the source for copying conditions.  There is NO
warranty; not even for MERCHANTABILITY or FITNESS FOR A PARTICULAR PURPOSE.

configure:3448: $? = 0
configure:3437: gcc -v >&5
Using built-in specs.
COLLECT_GCC=gcc
COLLECT_LTO_WRAPPER=/usr/lib/gcc/gcc/i586-poky-linux/4.8.2/lto-wrapper
Target: i586-poky-linux
Configured with: /data/jenkins_worker/workspace/edison-weekly/build/tmp/work-shared/gcc-4.8.2-r0/gcc-4.8.2/configure --build=x86_64-linux --host=i586-poky-linux --target=i586-poky-linux --prefix=/usr --exec_prefix=/usr --bindir=/usr/bin --sbindir=/usr/sbin --libexecdir=/usr/lib/gcc --datadir=/usr/share --sysconfdir=/etc --sharedstatedir=/com --localstatedir=/var --libdir=/usr/lib --includedir=/usr/include --oldincludedir=/usr/include --infodir=/usr/share/info --mandir=/usr/share/man --disable-silent-rules --disable-dependency-tracking --with-libtool-sysroot=/data/jenkins_worker/workspace/edison-weekly/build/tmp/sysroots/edison --with-gnu-ld --enable-shared --enable-languages=c,c++ --enable-threads=posix --enable-multilib --enable-c99 --enable-long-long --enable-symvers=gnu --enable-libstdcxx-pch --program-prefix=i586-poky-linux- --without-local-prefix --enable-target-optspace --enable-lto --enable-libssp --disable-bootstrap --disable-libmudflap --with-system-zlib --with-linker-hash-style=gnu --enable-linker-build-id --with-ppl=no --with-cloog=no --enable-checking=release --enable-cheaders=c_global --with-sysroot=/ --with-build-sysroot=/data/jenkins_worker/workspace/edison-weekly/build/tmp/sysroots/edison --with-native-system-header-dir=/data/jenkins_worker/workspace/edison-weekly/build/tmp/sysroots/edison/usr/include --with-gxx-include-dir=/usr/include/c++/ --enable-nls --enable-__cxa_atexit
Thread model: posix
gcc version 4.8.2 (GCC) 
configure:3448: $? = 0
configure:3437: gcc -V >&5
gcc: error: unrecognized command line option '-V'
gcc: fatal error: no input files
compilation terminated.
configure:3448: $? = 1
configure:3437: gcc -qversion >&5
gcc: error: unrecognized command line option '-qversion'
gcc: fatal error: no input files
compilation terminated.
configure:3448: $? = 1
configure:3468: checking whether the C compiler works
configure:3490: gcc    conftest.c  >&5
configure:3494: $? = 0
configure:3542: result: yes
configure:3545: checking for C compiler default output file name
configure:3547: result: a.out
configure:3553: checking for suffix of executables
configure:3560: gcc -o conftest    conftest.c  >&5
configure:3564: $? = 0
configure:3586: result: 
configure:3608: checking whether we are cross compiling
configure:3616: gcc -o conftest    conftest.c  >&5
configure:3620: $? = 0
configure:3627: ./conftest
configure:3631: $? = 0
configure:3646: result: no
configure:3651: checking for suffix of object files
configure:3673: gcc -c   conftest.c >&5
configure:3677: $? = 0
configure:3698: result: o
configure:3702: checking whether we are using the GNU C compiler
configure:3721: gcc -c   conftest.c >&5
configure:3721: $? = 0
configure:3730: result: yes
configure:3739: checking whether gcc accepts -g
configure:3759: gcc -c -g  conftest.c >&5
configure:3759: $? = 0
configure:3800: result: yes
configure:3817: checking for gcc option to accept ISO C89
configure:3880: gcc  -c -g -O2  conftest.c >&5
configure:3880: $? = 0
configure:3893: result: none needed
configure:3918: checking whether gcc understands -c and -o together
configure:3940: gcc -c conftest.c -o conftest2.o
configure:3943: $? = 0
configure:3940: gcc -c conftest.c -o conftest2.o
configure:3943: $? = 0
configure:3955: result: yes
configure:3974: checking dependency style of gcc
configure:4085: result: gcc3
configure:4106: checking how to run the C preprocessor
configure:4137: gcc -E  conftest.c
configure:4137: $? = 0
configure:4151: gcc -E  conftest.c
conftest.c:11:28: fatal error: ac_nonexistent.h: No such file or directory
 #include <ac_nonexistent.h>
                            ^
compilation terminated.
configure:4151: $? = 1
configure: failed program was:
| /* confdefs.h */
| #define PACKAGE_NAME "bluez"
| #define PACKAGE_TARNAME "bluez"
| #define PACKAGE_VERSION "5.36"
| #define PACKAGE_STRING "bluez 5.36"
| #define PACKAGE_BUGREPORT ""
| #define PACKAGE_URL ""
| #define PACKAGE "bluez"
| #define VERSION "5.36"
| /* end confdefs.h.  */
| #include <ac_nonexistent.h>
configure:4176: result: gcc -E
configure:4196: gcc -E  conftest.c
configure:4196: $? = 0
configure:4210: gcc -E  conftest.c
conftest.c:11:28: fatal error: ac_nonexistent.h: No such file or directory
 #include <ac_nonexistent.h>
                            ^
compilation terminated.
configure:4210: $? = 1
configure: failed program was:
| /* confdefs.h */
| #define PACKAGE_NAME "bluez"
| #define PACKAGE_TARNAME "bluez"
| #define PACKAGE_VERSION "5.36"
| #define PACKAGE_STRING "bluez 5.36"
| #define PACKAGE_BUGREPORT ""
| #define PACKAGE_URL ""
| #define PACKAGE "bluez"
| #define VERSION "5.36"
| /* end confdefs.h.  */
| #include <ac_nonexistent.h>
configure:4239: checking for grep that handles long lines and -e
configure:4297: result: /bin/grep
configure:4302: checking for egrep
configure:4364: result: /bin/grep -E
configure:4369: checking for ANSI C header files
configure:4389: gcc -c -g -O2  conftest.c >&5
configure:4389: $? = 0
configure:4462: gcc -o conftest -g -O2   conftest.c  >&5
configure:4462: $? = 0
configure:4462: ./conftest
configure:4462: $? = 0
configure:4473: result: yes
configure:4486: checking for sys/types.h
configure:4486: gcc -c -g -O2  conftest.c >&5
configure:4486: $? = 0
configure:4486: result: yes
configure:4486: checking for sys/stat.h
configure:4486: gcc -c -g -O2  conftest.c >&5
configure:4486: $? = 0
configure:4486: result: yes
configure:4486: checking for stdlib.h
configure:4486: gcc -c -g -O2  conftest.c >&5
configure:4486: $? = 0
configure:4486: result: yes
configure:4486: checking for string.h
configure:4486: gcc -c -g -O2  conftest.c >&5
configure:4486: $? = 0
configure:4486: result: yes
configure:4486: checking for memory.h
configure:4486: gcc -c -g -O2  conftest.c >&5
configure:4486: $? = 0
configure:4486: result: yes
configure:4486: checking for strings.h
configure:4486: gcc -c -g -O2  conftest.c >&5
configure:4486: $? = 0
configure:4486: result: yes
configure:4486: checking for inttypes.h
configure:4486: gcc -c -g -O2  conftest.c >&5
configure:4486: $? = 0
configure:4486: result: yes
configure:4486: checking for stdint.h
configure:4486: gcc -c -g -O2  conftest.c >&5
configure:4486: $? = 0
configure:4486: result: yes
configure:4486: checking for unistd.h
configure:4486: gcc -c -g -O2  conftest.c >&5
configure:4486: $? = 0
configure:4486: result: yes
configure:4499: checking minix/config.h usability
configure:4499: gcc -c -g -O2  conftest.c >&5
conftest.c:54:26: fatal error: minix/config.h: No such file or directory
 #include <minix/config.h>
                          ^
compilation terminated.
configure:4499: $? = 1
configure: failed program was:
| /* confdefs.h */
| #define PACKAGE_NAME "bluez"
| #define PACKAGE_TARNAME "bluez"
| #define PACKAGE_VERSION "5.36"
| #define PACKAGE_STRING "bluez 5.36"
| #define PACKAGE_BUGREPORT ""
| #define PACKAGE_URL ""
| #define PACKAGE "bluez"
| #define VERSION "5.36"
| #define STDC_HEADERS 1
| #define HAVE_SYS_TYPES_H 1
| #define HAVE_SYS_STAT_H 1
| #define HAVE_STDLIB_H 1
| #define HAVE_STRING_H 1
| #define HAVE_MEMORY_H 1
| #define HAVE_STRINGS_H 1
| #define HAVE_INTTYPES_H 1
| #define HAVE_STDINT_H 1
| #define HAVE_UNISTD_H 1
| /* end confdefs.h.  */
| #include <stdio.h>
| #ifdef HAVE_SYS_TYPES_H
| # include <sys/types.h>
| #endif
| #ifdef HAVE_SYS_STAT_H
| # include <sys/stat.h>
| #endif
| #ifdef STDC_HEADERS
| # include <stdlib.h>
| # include <stddef.h>
| #else
| # ifdef HAVE_STDLIB_H
| #  include <stdlib.h>
| # endif
| #endif
| #ifdef HAVE_STRING_H
| # if !defined STDC_HEADERS && defined HAVE_MEMORY_H
| #  include <memory.h>
| # endif
| # include <string.h>
| #endif
| #ifdef HAVE_STRINGS_H
| # include <strings.h>
| #endif
| #ifdef HAVE_INTTYPES_H
| # include <inttypes.h>
| #endif
| #ifdef HAVE_STDINT_H
| # include <stdint.h>
| #endif
| #ifdef HAVE_UNISTD_H
| # include <unistd.h>
| #endif
| #include <minix/config.h>
configure:4499: result: no
configure:4499: checking minix/config.h presence
configure:4499: gcc -E  conftest.c
conftest.c:21:26: fatal error: minix/config.h: No such file or directory
 #include <minix/config.h>
                          ^
compilation terminated.
configure:4499: $? = 1
configure: failed program was:
| /* confdefs.h */
| #define PACKAGE_NAME "bluez"
| #define PACKAGE_TARNAME "bluez"
| #define PACKAGE_VERSION "5.36"
| #define PACKAGE_STRING "bluez 5.36"
| #define PACKAGE_BUGREPORT ""
| #define PACKAGE_URL ""
| #define PACKAGE "bluez"
| #define VERSION "5.36"
| #define STDC_HEADERS 1
| #define HAVE_SYS_TYPES_H 1
| #define HAVE_SYS_STAT_H 1
| #define HAVE_STDLIB_H 1
| #define HAVE_STRING_H 1
| #define HAVE_MEMORY_H 1
| #define HAVE_STRINGS_H 1
| #define HAVE_INTTYPES_H 1
| #define HAVE_STDINT_H 1
| #define HAVE_UNISTD_H 1
| /* end confdefs.h.  */
| #include <minix/config.h>
configure:4499: result: no
configure:4499: checking for minix/config.h
configure:4499: result: no
configure:4520: checking whether it is safe to define __EXTENSIONS__
configure:4538: gcc -c -g -O2  conftest.c >&5
configure:4538: $? = 0
configure:4545: result: yes
configure:4571: checking whether make supports nested variables
configure:4588: result: yes
configure:4601: checking whether to enable maintainer-specific portions of Makefiles
configure:4610: result: no
configure:4680: checking for pkg-config
configure:4698: found /usr/bin/pkg-config
configure:4710: result: /usr/bin/pkg-config
configure:4735: checking pkg-config is at least version 0.9.0
configure:4738: result: yes
configure:4774: checking for C/C++ restrict keyword
configure:4799: gcc -c -g -O2  conftest.c >&5
configure:4799: $? = 0
configure:4807: result: __restrict
configure:4869: checking for gcc
configure:4896: result: gcc
configure:5125: checking for C compiler version
configure:5134: gcc --version >&5
gcc (GCC) 4.8.2
Copyright (C) 2013 Free Software Foundation, Inc.
This is free software; see the source for copying conditions.  There is NO
warranty; not even for MERCHANTABILITY or FITNESS FOR A PARTICULAR PURPOSE.

configure:5145: $? = 0
configure:5134: gcc -v >&5
Using built-in specs.
COLLECT_GCC=gcc
COLLECT_LTO_WRAPPER=/usr/lib/gcc/gcc/i586-poky-linux/4.8.2/lto-wrapper
Target: i586-poky-linux
Configured with: /data/jenkins_worker/workspace/edison-weekly/build/tmp/work-shared/gcc-4.8.2-r0/gcc-4.8.2/configure --build=x86_64-linux --host=i586-poky-linux --target=i586-poky-linux --prefix=/usr --exec_prefix=/usr --bindir=/usr/bin --sbindir=/usr/sbin --libexecdir=/usr/lib/gcc --datadir=/usr/share --sysconfdir=/etc --sharedstatedir=/com --localstatedir=/var --libdir=/usr/lib --includedir=/usr/include --oldincludedir=/usr/include --infodir=/usr/share/info --mandir=/usr/share/man --disable-silent-rules --disable-dependency-tracking --with-libtool-sysroot=/data/jenkins_worker/workspace/edison-weekly/build/tmp/sysroots/edison --with-gnu-ld --enable-shared --enable-languages=c,c++ --enable-threads=posix --enable-multilib --enable-c99 --enable-long-long --enable-symvers=gnu --enable-libstdcxx-pch --program-prefix=i586-poky-linux- --without-local-prefix --enable-target-optspace --enable-lto --enable-libssp --disable-bootstrap --disable-libmudflap --with-system-zlib --with-linker-hash-style=gnu --enable-linker-build-id --with-ppl=no --with-cloog=no --enable-checking=release --enable-cheaders=c_global --with-sysroot=/ --with-build-sysroot=/data/jenkins_worker/workspace/edison-weekly/build/tmp/sysroots/edison --with-native-system-header-dir=/data/jenkins_worker/workspace/edison-weekly/build/tmp/sysroots/edison/usr/include --with-gxx-include-dir=/usr/include/c++/ --enable-nls --enable-__cxa_atexit
Thread model: posix
gcc version 4.8.2 (GCC) 
configure:5145: $? = 0
configure:5134: gcc -V >&5
gcc: error: unrecognized command line option '-V'
gcc: fatal error: no input files
compilation terminated.
configure:5145: $? = 1
configure:5134: gcc -qversion >&5
gcc: error: unrecognized command line option '-qversion'
gcc: fatal error: no input files
compilation terminated.
configure:5145: $? = 1
configure:5149: checking whether we are using the GNU C compiler
configure:5177: result: yes
configure:5186: checking whether gcc accepts -g
configure:5247: result: yes
configure:5264: checking for gcc option to accept ISO C89
configure:5340: result: none needed
configure:5365: checking whether gcc understands -c and -o together
configure:5402: result: yes
configure:5421: checking dependency style of gcc
configure:5532: result: gcc3
configure:5549: checking whether gcc accepts -fPIE
configure:5564: result: yes
configure:5633: checking build system type
configure:5647: result: i686-pc-linux-gnu
configure:5667: checking host system type
configure:5680: result: i686-pc-linux-gnu
configure:5721: checking how to print strings
configure:5748: result: printf
configure:5769: checking for a sed that does not truncate output
configure:5833: result: /bin/sed
configure:5851: checking for fgrep
configure:5913: result: /bin/grep -F
configure:5948: checking for ld used by gcc
configure:6015: result: /usr/i586-poky-linux/bin/ld
configure:6022: checking if the linker (/usr/i586-poky-linux/bin/ld) is GNU ld
configure:6037: result: yes
configure:6049: checking for BSD- or MS-compatible name lister (nm)
configure:6098: result: /usr/bin/nm -B
configure:6228: checking the name lister (/usr/bin/nm -B) interface
configure:6235: gcc -c -g -O2  conftest.c >&5
configure:6238: /usr/bin/nm -B "conftest.o"
configure:6241: output
00000000 B some_variable
configure:6248: result: BSD nm
configure:6251: checking whether ln -s works
configure:6255: result: yes
configure:6263: checking the maximum length of command line arguments
configure:6394: result: 32768
configure:6411: checking whether the shell understands some XSI constructs
configure:6421: result: yes
configure:6425: checking whether the shell understands "+="
configure:6431: result: no
configure:6466: checking how to convert i686-pc-linux-gnu file names to i686-pc-linux-gnu format
configure:6506: result: func_convert_file_noop
configure:6513: checking how to convert i686-pc-linux-gnu file names to toolchain format
configure:6533: result: func_convert_file_noop
configure:6540: checking for /usr/i586-poky-linux/bin/ld option to reload object files
configure:6547: result: -r
configure:6621: checking for objdump
configure:6637: found /usr/bin/objdump
configure:6648: result: objdump
configure:6680: checking how to recognize dependent libraries
configure:6878: result: pass_all
configure:6963: checking for dlltool
configure:6993: result: no
configure:7023: checking how to associate runtime and link libraries
configure:7050: result: printf %s\n
configure:7110: checking for ar
configure:7126: found /usr/bin/ar
configure:7137: result: ar
configure:7174: checking for archiver @FILE support
configure:7191: gcc -c -g -O2  conftest.c >&5
configure:7191: $? = 0
configure:7194: ar cru libconftest.a @conftest.lst >&5
configure:7197: $? = 0
configure:7202: ar cru libconftest.a @conftest.lst >&5
ar: conftest.o: No such file or directory
configure:7205: $? = 1
configure:7217: result: @
configure:7275: checking for strip
configure:7291: found /usr/bin/strip
configure:7302: result: strip
configure:7374: checking for ranlib
configure:7390: found /usr/bin/ranlib
configure:7401: result: ranlib
configure:7503: checking command to parse /usr/bin/nm -B output from gcc object
configure:7623: gcc -c -g -O2  conftest.c >&5
configure:7626: $? = 0
configure:7630: /usr/bin/nm -B conftest.o \| sed -n -e 's/^.*[ ]\([ABCDGIRSTW][ABCDGIRSTW]*\)[ ][ ]*\([_A-Za-z][_A-Za-z0-9]*\)$/\1 \2 \2/p' | sed '/ __gnu_lto/d' \> conftest.nm
configure:7633: $? = 0
configure:7699: gcc -o conftest -g -O2   conftest.c conftstm.o >&5
configure:7702: $? = 0
configure:7740: result: ok
configure:7777: checking for sysroot
configure:7807: result: no
configure:8076: checking for mt
configure:8106: result: no
configure:8126: checking if : is a manifest tool
configure:8132: : '-?'
configure:8140: result: no
configure:8779: checking for dlfcn.h
configure:8779: gcc -c -g -O2  conftest.c >&5
configure:8779: $? = 0
configure:8779: result: yes
configure:8955: checking for objdir
configure:8970: result: .libs
configure:9237: checking if gcc supports -fno-rtti -fno-exceptions
configure:9255: gcc -c -g -O2  -fno-rtti -fno-exceptions conftest.c >&5
cc1: warning: command line option '-fno-rtti' is valid for C++/ObjC++ but not for C [enabled by default]
configure:9259: $? = 0
configure:9272: result: no
configure:9599: checking for gcc option to produce PIC
configure:9606: result: -fPIC -DPIC
configure:9614: checking if gcc PIC flag -fPIC -DPIC works
configure:9632: gcc -c -g -O2  -fPIC -DPIC -DPIC conftest.c >&5
configure:9636: $? = 0
configure:9649: result: yes
configure:9678: checking if gcc static flag -static works
configure:9706: result: no
configure:9721: checking if gcc supports -c -o file.o
configure:9742: gcc -c -g -O2  -o out/conftest2.o conftest.c >&5
configure:9746: $? = 0
configure:9768: result: yes
configure:9776: checking if gcc supports -c -o file.o
configure:9823: result: yes
configure:9856: checking whether the gcc linker (/usr/i586-poky-linux/bin/ld) supports shared libraries
configure:11013: result: yes
configure:11050: checking whether -lc should be explicitly linked in
configure:11058: gcc -c -g -O2  conftest.c >&5
configure:11061: $? = 0
configure:11076: gcc -shared  -fPIC -DPIC conftest.o  -v -Wl,-soname -Wl,conftest -o conftest 2\>\&1 \| /bin/grep  -lc  \>/dev/null 2\>\&1
configure:11079: $? = 0
configure:11093: result: no
configure:11253: checking dynamic linker characteristics
configure:11753: gcc -o conftest -g -O2   -Wl,-rpath -Wl,/foo conftest.c  >&5
configure:11753: $? = 0
configure:11987: result: GNU/Linux ld.so
configure:12094: checking how to hardcode library paths into programs
configure:12119: result: immediate
configure:12659: checking whether stripping libraries is possible
configure:12664: result: yes
configure:12699: checking if libtool supports shared libraries
configure:12701: result: yes
configure:12704: checking whether to build shared libraries
configure:12725: result: yes
configure:12728: checking whether to build static libraries
configure:12732: result: no
configure:12970: checking for signalfd
configure:12970: gcc -o conftest -g -O2   conftest.c  >&5
configure:12970: $? = 0
configure:12970: result: yes
configure:12978: checking for clock_gettime in -lrt
configure:13003: gcc -o conftest -g -O2   conftest.c -lrt   >&5
configure:13003: $? = 0
configure:13012: result: yes
configure:13021: checking for pthread_create in -lpthread
configure:13046: gcc -o conftest -g -O2   conftest.c -lpthread   >&5
configure:13046: $? = 0
configure:13055: result: yes
configure:13064: checking for dlopen in -ldl
configure:13089: gcc -o conftest -g -O2   conftest.c -ldl   >&5
configure:13089: $? = 0
configure:13098: result: yes
configure:13110: checking linux/types.h usability
configure:13110: gcc -c -g -O2  conftest.c >&5
configure:13110: $? = 0
configure:13110: result: yes
configure:13110: checking linux/types.h presence
configure:13110: gcc -E  conftest.c
configure:13110: $? = 0
configure:13110: result: yes
configure:13110: checking for linux/types.h
configure:13110: result: yes
configure:13110: checking linux/if_alg.h usability
configure:13110: gcc -c -g -O2  conftest.c >&5
configure:13110: $? = 0
configure:13110: result: yes
configure:13110: checking linux/if_alg.h presence
configure:13110: gcc -E  conftest.c
configure:13110: $? = 0
configure:13110: result: yes
configure:13110: checking for linux/if_alg.h
configure:13110: result: yes
configure:13123: checking for GLIB
configure:13130: $PKG_CONFIG --exists --print-errors "glib-2.0 >= 2.28"
Package glib-2.0 was not found in the pkg-config search path.
Perhaps you should add the directory containing `glib-2.0.pc'
to the PKG_CONFIG_PATH environment variable
No package 'glib-2.0' found
configure:13133: $? = 1
configure:13147: $PKG_CONFIG --exists --print-errors "glib-2.0 >= 2.28"
Package glib-2.0 was not found in the pkg-config search path.
Perhaps you should add the directory containing `glib-2.0.pc'
to the PKG_CONFIG_PATH environment variable
No package 'glib-2.0' found
configure:13150: $? = 1
configure:13164: result: no
No package 'glib-2.0' found
configure:13180: error: GLib >= 2.28 is required

## ---------------- ##
## Cache variables. ##
## ---------------- ##

ac_cv_build='i686-pc-linux-gnu'
ac_cv_c_compiler_gnu='yes'
ac_cv_c_restrict='__restrict'
ac_cv_env_CC_set=''
ac_cv_env_CC_value=''
ac_cv_env_CFLAGS_set=''
ac_cv_env_CFLAGS_value=''
ac_cv_env_CPPFLAGS_set=''
ac_cv_env_CPPFLAGS_value=''
ac_cv_env_CPP_set=''
ac_cv_env_CPP_value=''
ac_cv_env_DBUS_CFLAGS_set=''
ac_cv_env_DBUS_CFLAGS_value=''
ac_cv_env_DBUS_LIBS_set=''
ac_cv_env_DBUS_LIBS_value=''
ac_cv_env_GLIB_CFLAGS_set=''
ac_cv_env_GLIB_CFLAGS_value=''
ac_cv_env_GLIB_LIBS_set=''
ac_cv_env_GLIB_LIBS_value=''
ac_cv_env_GTHREAD_CFLAGS_set=''
ac_cv_env_GTHREAD_CFLAGS_value=''
ac_cv_env_GTHREAD_LIBS_set=''
ac_cv_env_GTHREAD_LIBS_value=''
ac_cv_env_ICAL_CFLAGS_set=''
ac_cv_env_ICAL_CFLAGS_value=''
ac_cv_env_ICAL_LIBS_set=''
ac_cv_env_ICAL_LIBS_value=''
ac_cv_env_LDFLAGS_set=''
ac_cv_env_LDFLAGS_value=''
ac_cv_env_LIBS_set=''
ac_cv_env_LIBS_value=''
ac_cv_env_PKG_CONFIG_LIBDIR_set=''
ac_cv_env_PKG_CONFIG_LIBDIR_value=''
ac_cv_env_PKG_CONFIG_PATH_set=''
ac_cv_env_PKG_CONFIG_PATH_value=''
ac_cv_env_PKG_CONFIG_set=''
ac_cv_env_PKG_CONFIG_value=''
ac_cv_env_SBC_CFLAGS_set=''
ac_cv_env_SBC_CFLAGS_value=''
ac_cv_env_SBC_LIBS_set=''
ac_cv_env_SBC_LIBS_value=''
ac_cv_env_SPEEXDSP_CFLAGS_set=''
ac_cv_env_SPEEXDSP_CFLAGS_value=''
ac_cv_env_SPEEXDSP_LIBS_set=''
ac_cv_env_SPEEXDSP_LIBS_value=''
ac_cv_env_UDEV_CFLAGS_set=''
ac_cv_env_UDEV_CFLAGS_value=''
ac_cv_env_UDEV_LIBS_set=''
ac_cv_env_UDEV_LIBS_value=''
ac_cv_env_build_alias_set=''
ac_cv_env_build_alias_value=''
ac_cv_env_host_alias_set=''
ac_cv_env_host_alias_value=''
ac_cv_env_target_alias_set=''
ac_cv_env_target_alias_value=''
ac_cv_func_signalfd='yes'
ac_cv_header_dlfcn_h='yes'
ac_cv_header_inttypes_h='yes'
ac_cv_header_linux_if_alg_h='yes'
ac_cv_header_linux_types_h='yes'
ac_cv_header_memory_h='yes'
ac_cv_header_minix_config_h='no'
ac_cv_header_stdc='yes'
ac_cv_header_stdint_h='yes'
ac_cv_header_stdlib_h='yes'
ac_cv_header_string_h='yes'
ac_cv_header_strings_h='yes'
ac_cv_header_sys_stat_h='yes'
ac_cv_header_sys_types_h='yes'
ac_cv_header_unistd_h='yes'
ac_cv_host='i686-pc-linux-gnu'
ac_cv_lib_dl_dlopen='yes'
ac_cv_lib_pthread_pthread_create='yes'
ac_cv_lib_rt_clock_gettime='yes'
ac_cv_objext='o'
ac_cv_path_EGREP='/bin/grep -E'
ac_cv_path_FGREP='/bin/grep -F'
ac_cv_path_GREP='/bin/grep'
ac_cv_path_SED='/bin/sed'
ac_cv_path_ac_pt_PKG_CONFIG='/usr/bin/pkg-config'
ac_cv_prog_AWK='awk'
ac_cv_prog_CPP='gcc -E'
ac_cv_prog_ac_ct_AR='ar'
ac_cv_prog_ac_ct_CC='gcc'
ac_cv_prog_ac_ct_OBJDUMP='objdump'
ac_cv_prog_ac_ct_RANLIB='ranlib'
ac_cv_prog_ac_ct_STRIP='strip'
ac_cv_prog_cc_c89=''
ac_cv_prog_cc_g='yes'
ac_cv_prog_cc_pie='yes'
ac_cv_prog_make_make_set='yes'
ac_cv_safe_to_define___extensions__='yes'
am_cv_CC_dependencies_compiler_type='gcc3'
am_cv_make_support_nested_variables='yes'
am_cv_prog_cc_c_o='yes'
am_cv_prog_tar_pax='none'
lt_cv_ar_at_file='@'
lt_cv_archive_cmds_need_lc='no'
lt_cv_deplibs_check_method='pass_all'
lt_cv_file_magic_cmd='$MAGIC_CMD'
lt_cv_file_magic_test_file=''
lt_cv_ld_reload_flag='-r'
lt_cv_nm_interface='BSD nm'
lt_cv_objdir='.libs'
lt_cv_path_LD='/usr/i586-poky-linux/bin/ld'
lt_cv_path_NM='/usr/bin/nm -B'
lt_cv_path_mainfest_tool='no'
lt_cv_prog_compiler_c_o='yes'
lt_cv_prog_compiler_pic='-fPIC -DPIC'
lt_cv_prog_compiler_pic_works='yes'
lt_cv_prog_compiler_rtti_exceptions='no'
lt_cv_prog_compiler_static_works='no'
lt_cv_prog_gnu_ld='yes'
lt_cv_sharedlib_from_linklib_cmd='printf %s\n'
lt_cv_shlibpath_overrides_runpath='no'
lt_cv_sys_global_symbol_pipe='sed -n -e '"'"'s/^.*[	 ]\([ABCDGIRSTW][ABCDGIRSTW]*\)[	 ][	 ]*\([_A-Za-z][_A-Za-z0-9]*\)$/\1 \2 \2/p'"'"' | sed '"'"'/ __gnu_lto/d'"'"
lt_cv_sys_global_symbol_to_c_name_address='sed -n -e '"'"'s/^: \([^ ]*\)[ ]*$/  {\"\1\", (void *) 0},/p'"'"' -e '"'"'s/^[ABCDGIRSTW]* \([^ ]*\) \([^ ]*\)$/  {"\2", (void *) \&\2},/p'"'"
lt_cv_sys_global_symbol_to_c_name_address_lib_prefix='sed -n -e '"'"'s/^: \([^ ]*\)[ ]*$/  {\"\1\", (void *) 0},/p'"'"' -e '"'"'s/^[ABCDGIRSTW]* \([^ ]*\) \(lib[^ ]*\)$/  {"\2", (void *) \&\2},/p'"'"' -e '"'"'s/^[ABCDGIRSTW]* \([^ ]*\) \([^ ]*\)$/  {"lib\2", (void *) \&\2},/p'"'"
lt_cv_sys_global_symbol_to_cdecl='sed -n -e '"'"'s/^T .* \(.*\)$/extern int \1();/p'"'"' -e '"'"'s/^[ABCDGIRSTW]* .* \(.*\)$/extern char \1;/p'"'"
lt_cv_sys_max_cmd_len='32768'
lt_cv_to_host_file_cmd='func_convert_file_noop'
lt_cv_to_tool_file_cmd='func_convert_file_noop'

## ----------------- ##
## Output variables. ##
## ----------------- ##

ACLOCAL='${SHELL} /home/root/bluez-5.36/missing aclocal-1.14'
AMDEPBACKSLASH='\'
AMDEP_FALSE='#'
AMDEP_TRUE=''
AMTAR='$${TAR-tar}'
AM_BACKSLASH='\'
AM_DEFAULT_V='$(AM_DEFAULT_VERBOSITY)'
AM_DEFAULT_VERBOSITY='0'
AM_V='$(V)'
ANDROID_FALSE=''
ANDROID_TRUE=''
AR='ar'
AUTOCONF='${SHELL} /home/root/bluez-5.36/missing autoconf'
AUTOHEADER='${SHELL} /home/root/bluez-5.36/missing autoheader'
AUTOMAKE='${SHELL} /home/root/bluez-5.36/missing automake-1.14'
AWK='awk'
CC='gcc'
CCDEPMODE='depmode=gcc3'
CFLAGS='-g -O2'
CLIENT_FALSE=''
CLIENT_TRUE=''
CONFIGDIR=''
COVERAGE_FALSE=''
COVERAGE_TRUE='#'
CPP='gcc -E'
CPPFLAGS=''
CUPS_FALSE=''
CUPS_TRUE=''
CYGPATH_W='echo'
DATAFILES_FALSE=''
DATAFILES_TRUE=''
DBUS_CFLAGS=''
DBUS_CONFDIR=''
DBUS_LIBS=''
DBUS_RUN_SESSION_FALSE=''
DBUS_RUN_SESSION_TRUE='#'
DBUS_SESSIONBUSDIR=''
DBUS_SYSTEMBUSDIR=''
DEFS=''
DEPDIR='.deps'
DLLTOOL='false'
DSYMUTIL=''
DUMPBIN=''
ECHO_C=''
ECHO_N='-n'
ECHO_T=''
EGREP='/bin/grep -E'
EXEEXT=''
EXPERIMENTAL_FALSE=''
EXPERIMENTAL_TRUE=''
FGREP='/bin/grep -F'
GLIB_CFLAGS=''
GLIB_LIBS=''
GREP='/bin/grep'
GTHREAD_CFLAGS=''
GTHREAD_LIBS=''
HID2HCI_FALSE=''
HID2HCI_TRUE=''
ICAL_CFLAGS=''
ICAL_LIBS=''
INSTALL_DATA='${INSTALL} -m 644'
INSTALL_PROGRAM='${INSTALL}'
INSTALL_SCRIPT='${INSTALL}'
INSTALL_STRIP_PROGRAM='$(install_sh) -c -s'
LD='/usr/i586-poky-linux/bin/ld'
LDFLAGS=''
LIBOBJS=''
LIBRARY_FALSE=''
LIBRARY_TRUE=''
LIBS=''
LIBTOOL='$(SHELL) $(top_builddir)/libtool'
LIPO=''
LN_S='ln -s'
LTLIBOBJS=''
MAINT='#'
MAINTAINER_MODE_FALSE=''
MAINTAINER_MODE_TRUE='#'
MAKEINFO='${SHELL} /home/root/bluez-5.36/missing makeinfo'
MANIFEST_TOOL=':'
MANPAGES_FALSE=''
MANPAGES_TRUE=''
MISC_CFLAGS=''
MISC_LDFLAGS=''
MKDIR_P='./install-sh -c -d'
MONITOR_FALSE=''
MONITOR_TRUE=''
NM='/usr/bin/nm -B'
NMEDIT=''
OBEX_FALSE=''
OBEX_TRUE=''
OBJDUMP='objdump'
OBJEXT='o'
OTOOL64=''
OTOOL=''
PACKAGE='bluez'
PACKAGE_BUGREPORT=''
PACKAGE_NAME='bluez'
PACKAGE_STRING='bluez 5.36'
PACKAGE_TARNAME='bluez'
PACKAGE_URL=''
PACKAGE_VERSION='5.36'
PATH_SEPARATOR=':'
PKG_CONFIG='/usr/bin/pkg-config'
PKG_CONFIG_LIBDIR=''
PKG_CONFIG_PATH=''
RANLIB='ranlib'
READLINE_FALSE=''
READLINE_TRUE=''
SBC_CFLAGS=''
SBC_LIBS=''
SED='/bin/sed'
SET_MAKE=''
SHELL='/bin/sh'
SIXAXIS_FALSE=''
SIXAXIS_TRUE=''
SPEEXDSP_CFLAGS=''
SPEEXDSP_LIBS=''
STRIP='strip'
SYSTEMD_FALSE=''
SYSTEMD_SYSTEMUNITDIR=''
SYSTEMD_TRUE=''
SYSTEMD_USERUNITDIR=''
TEST_FALSE=''
TEST_TRUE=''
TOOLS_FALSE=''
TOOLS_TRUE=''
UDEV_CFLAGS=''
UDEV_DIR=''
UDEV_FALSE=''
UDEV_LIBS=''
UDEV_TRUE=''
VALGRIND_FALSE=''
VALGRIND_TRUE='#'
VERSION='5.36'
WARNING_CFLAGS=''
ac_ct_AR='ar'
ac_ct_CC='gcc'
ac_ct_DUMPBIN=''
am__EXEEXT_FALSE=''
am__EXEEXT_TRUE=''
am__fastdepCC_FALSE='#'
am__fastdepCC_TRUE=''
am__include='include'
am__isrc=''
am__leading_dot='.'
am__nodep='_no'
am__quote=''
am__tar='false'
am__untar='false'
bindir='${exec_prefix}/bin'
build='i686-pc-linux-gnu'
build_alias=''
build_cpu='i686'
build_os='linux-gnu'
build_vendor='pc'
datadir='${datarootdir}'
datarootdir='${prefix}/share'
docdir='${datarootdir}/doc/${PACKAGE_TARNAME}'
dvidir='${docdir}'
enable_coverage=''
enable_dbus_run_session=''
enable_valgrind=''
exec_prefix='NONE'
host='i686-pc-linux-gnu'
host_alias=''
host_cpu='i686'
host_os='linux-gnu'
host_vendor='pc'
htmldir='${docdir}'
includedir='${prefix}/include'
infodir='${datarootdir}/info'
install_sh='${SHELL} /home/root/bluez-5.36/install-sh'
libdir='${exec_prefix}/lib'
libexecdir='${exec_prefix}/libexec'
localedir='${datarootdir}/locale'
localstatedir='${prefix}/var'
mandir='${datarootdir}/man'
mkdir_p='$(MKDIR_P)'
oldincludedir='/usr/include'
pdfdir='${docdir}'
prefix='NONE'
program_transform_name='s,x,x,'
psdir='${docdir}'
sbindir='${exec_prefix}/sbin'
sharedstatedir='${prefix}/com'
sysconfdir='${prefix}/etc'
target_alias=''

## ----------- ##
## confdefs.h. ##
## ----------- ##

/* confdefs.h */
#define PACKAGE_NAME "bluez"
#define PACKAGE_TARNAME "bluez"
#define PACKAGE_VERSION "5.36"
#define PACKAGE_STRING "bluez 5.36"
#define PACKAGE_BUGREPORT ""
#define PACKAGE_URL ""
#define PACKAGE "bluez"
#define VERSION "5.36"
#define STDC_HEADERS 1
#define HAVE_SYS_TYPES_H 1
#define HAVE_SYS_STAT_H 1
#define HAVE_STDLIB_H 1
#define HAVE_STRING_H 1
#define HAVE_MEMORY_H 1
#define HAVE_STRINGS_H 1
#define HAVE_INTTYPES_H 1
#define HAVE_STDINT_H 1
#define HAVE_UNISTD_H 1
#define __EXTENSIONS__ 1
#define _ALL_SOURCE 1
#define _GNU_SOURCE 1
#define _POSIX_PTHREAD_SEMANTICS 1
#define _TANDEM_SOURCE 1
#define restrict __restrict
#define HAVE_DLFCN_H 1
#define LT_OBJDIR ".libs/"
#define HAVE_LINUX_TYPES_H 1
#define HAVE_LINUX_IF_ALG_H 1

configure: exit 1
